This is pdfTeX, Version 3.141592653-2.6-1.40.22 (TeX Live 2022/dev/Debian) (preloaded format=pdflatex 2023.5.29)  29 MAY 2023 11:06
entering extended mode
 restricted \write18 enabled.
 %&-line parsing enabled.
**bppGDI.tex
(./bppGDI.tex
LaTeX2e <2021-11-15> patch level 1
L3 programming layer <2022-01-21> (./article1.cls
Document Class: article1 2050/12/31 999.9
(/usr/share/texlive/texmf-dist/tex/latex/amsfonts/amssymb.sty
Package: amssymb 2013/01/14 v3.01 AMS font symbols

(/usr/share/texlive/texmf-dist/tex/latex/amsfonts/amsfonts.sty
Package: amsfonts 2013/01/14 v3.01 Basic AMSFonts support
\@emptytoks=\toks16
\symAMSa=\mathgroup4
\symAMSb=\mathgroup5
LaTeX Font Info:    Redeclaring math symbol \hbar on input line 98.
LaTeX Font Info:    Overwriting math alphabet `\mathfrak' in version `bold'
(Font)                  U/euf/m/n --> U/euf/b/n on input line 106.
))
(/usr/share/texlive/texmf-dist/tex/latex/amsmath/amsmath.sty
Package: amsmath 2021/10/15 v2.17l AMS math features
\@mathmargin=\skip47

For additional information on amsmath, use the `?' option.
(/usr/share/texlive/texmf-dist/tex/latex/amsmath/amstext.sty
Package: amstext 2021/08/26 v2.01 AMS text

(/usr/share/texlive/texmf-dist/tex/latex/amsmath/amsgen.sty
File: amsgen.sty 1999/11/30 v2.0 generic functions
\@emptytoks=\toks17
\ex@=\dimen138
))
(/usr/share/texlive/texmf-dist/tex/latex/amsmath/amsbsy.sty
Package: amsbsy 1999/11/29 v1.2d Bold Symbols
\pmbraise@=\dimen139
)
(/usr/share/texlive/texmf-dist/tex/latex/amsmath/amsopn.sty
Package: amsopn 2021/08/26 v2.02 operator names
)
\inf@bad=\count185
LaTeX Info: Redefining \frac on input line 234.
\uproot@=\count186
\leftroot@=\count187
LaTeX Info: Redefining \overline on input line 399.
\classnum@=\count188
\DOTSCASE@=\count189
LaTeX Info: Redefining \ldots on input line 496.
LaTeX Info: Redefining \dots on input line 499.
LaTeX Info: Redefining \cdots on input line 620.
\Mathstrutbox@=\box50
\strutbox@=\box51
\big@size=\dimen140
LaTeX Font Info:    Redeclaring font encoding OML on input line 743.
LaTeX Font Info:    Redeclaring font encoding OMS on input line 744.
\macc@depth=\count190
\c@MaxMatrixCols=\count191
\dotsspace@=\muskip16
\c@parentequation=\count192
\dspbrk@lvl=\count193
\tag@help=\toks18
\row@=\count194
\column@=\count195
\maxfields@=\count196
\andhelp@=\toks19
\eqnshift@=\dimen141
\alignsep@=\dimen142
\tagshift@=\dimen143
\tagwidth@=\dimen144
\totwidth@=\dimen145
\lineht@=\dimen146
\@envbody=\toks20
\multlinegap=\skip48
\multlinetaggap=\skip49
\mathdisplay@stack=\toks21
LaTeX Info: Redefining \[ on input line 2938.
LaTeX Info: Redefining \] on input line 2939.
)
(/usr/share/texlive/texmf-dist/tex/latex/amscls/amsthm.sty
Package: amsthm 2020/05/29 v2.20.6
\thm@style=\toks22
\thm@bodyfont=\toks23
\thm@headfont=\toks24
\thm@notefont=\toks25
\thm@headpunct=\toks26
\thm@preskip=\skip50
\thm@postskip=\skip51
\thm@headsep=\skip52
\dth@everypar=\toks27
)
(/usr/share/texlive/texmf-dist/tex/latex/graphics/graphicx.sty
Package: graphicx 2021/09/16 v1.2d Enhanced LaTeX Graphics (DPC,SPQR)

(/usr/share/texlive/texmf-dist/tex/latex/graphics/keyval.sty
Package: keyval 2014/10/28 v1.15 key=value parser (DPC)
\KV@toks@=\toks28
)
(/usr/share/texlive/texmf-dist/tex/latex/graphics/graphics.sty
Package: graphics 2021/03/04 v1.4d Standard LaTeX Graphics (DPC,SPQR)

(/usr/share/texlive/texmf-dist/tex/latex/graphics/trig.sty
Package: trig 2021/08/11 v1.11 sin cos tan (DPC)
)
(/usr/share/texlive/texmf-dist/tex/latex/graphics-cfg/graphics.cfg
File: graphics.cfg 2016/06/04 v1.11 sample graphics configuration
)
Package graphics Info: Driver file: pdftex.def on input line 107.

(/usr/share/texlive/texmf-dist/tex/latex/graphics-def/pdftex.def
File: pdftex.def 2020/10/05 v1.2a Graphics/color driver for pdftex
))
\Gin@req@height=\dimen147
\Gin@req@width=\dimen148
)
(/usr/share/texlive/texmf-dist/tex/latex/graphics/color.sty
Package: color 2021/12/07 v1.3c Standard LaTeX Color (DPC)

(/usr/share/texlive/texmf-dist/tex/latex/graphics-cfg/color.cfg
File: color.cfg 2016/01/02 v1.6 sample color configuration
)
Package color Info: Driver file: pdftex.def on input line 149.
)
(/usr/share/texlive/texmf-dist/tex/latex/newtx/newtxtext.sty
Package: newtxtext 2022/01/11 v1.705(Michael Sharpe) latex and unicode latex su
pport for TeXGyreTermesX

`newtxtext' v1.705, 2022/01/11 Text macros taking advantage of TeXGyre Termes a
nd its extensions (msharpe)
(/usr/share/texlive/texmf-dist/tex/latex/base/fontenc.sty
Package: fontenc 2021/04/29 v2.0v Standard LaTeX package
)
(/usr/share/texlive/texmf-dist/tex/generic/iftex/ifxetex.sty
Package: ifxetex 2019/10/25 v0.7 ifxetex legacy package. Use iftex instead.

(/usr/share/texlive/texmf-dist/tex/generic/iftex/iftex.sty
Package: iftex 2020/03/06 v1.0d TeX engine tests
))
(/usr/share/texlive/texmf-dist/tex/generic/iftex/ifluatex.sty
Package: ifluatex 2019/10/25 v1.5 ifluatex legacy package. Use iftex instead.
)
(/usr/share/texlive/texmf-dist/tex/latex/xkeyval/xkeyval.sty
Package: xkeyval 2020/11/20 v2.8 package option processing (HA)

(/usr/share/texlive/texmf-dist/tex/generic/xkeyval/xkeyval.tex
(/usr/share/texlive/texmf-dist/tex/generic/xkeyval/xkvutils.tex
\XKV@toks=\toks29
\XKV@tempa@toks=\toks30
)
\XKV@depth=\count197
File: xkeyval.tex 2014/12/03 v2.7a key=value parser (HA)
))
(/usr/share/texlive/texmf-dist/tex/latex/etoolbox/etoolbox.sty
Package: etoolbox 2020/10/05 v2.5k e-TeX tools for LaTeX (JAW)
\etb@tempcnta=\count198
)
(/usr/share/texlive/texmf-dist/tex/latex/base/textcomp.sty
Package: textcomp 2020/02/02 v2.0n Standard LaTeX package
)
(/usr/share/texlive/texmf-dist/tex/generic/xstring/xstring.sty
(/usr/share/texlive/texmf-dist/tex/generic/xstring/xstring.tex
\integerpart=\count199
\decimalpart=\count266
)
Package: xstring 2021/07/21 v1.84 String manipulations (CT)
)
(/usr/share/texlive/texmf-dist/tex/latex/base/ifthen.sty
Package: ifthen 2020/11/24 v1.1c Standard LaTeX ifthen package (DPC)
)
(/usr/share/texlive/texmf-dist/tex/latex/carlisle/scalefnt.sty)
LaTeX Font Info:    Setting ntxLF sub-encoding to TS1/0 on input line 27.
LaTeX Font Info:    Setting ntxTLF sub-encoding to TS1/0 on input line 27.
LaTeX Font Info:    Setting ntxOsF sub-encoding to TS1/0 on input line 27.
LaTeX Font Info:    Setting ntxTOsF sub-encoding to TS1/0 on input line 27.

(/usr/share/texlive/texmf-dist/tex/generic/kastrup/binhex.tex)
\ntx@tmpcnta=\count267
\ntx@cnt=\count268

(/usr/share/texlive/texmf-dist/tex/latex/fontaxes/fontaxes.sty
Package: fontaxes 2020/07/21 v1.0e Font selection axes
LaTeX Info: Redefining \upshape on input line 29.
LaTeX Info: Redefining \itshape on input line 31.
LaTeX Info: Redefining \slshape on input line 33.
LaTeX Info: Redefining \swshape on input line 35.
LaTeX Info: Redefining \scshape on input line 37.
LaTeX Info: Redefining \sscshape on input line 39.
LaTeX Info: Redefining \ulcshape on input line 41.
LaTeX Info: Redefining \textsw on input line 47.
LaTeX Info: Redefining \textssc on input line 48.
LaTeX Info: Redefining \textulc on input line 49.
)
LaTeX Info: Redefining \textsu on input line 541.
LaTeX Info: Redefining \oldstylenums on input line 631.
)
(/usr/share/texlive/texmf-dist/tex/latex/newtx/newtxmath.sty
Package: newtxmath 2021/12/18 v1.7

`newtxmath' v1.7, 2021/12/18 Math macros based originally on txfonts (msharpe)
(/usr/share/texlive/texmf-dist/tex/latex/oberdiek/centernot.sty
Package: centernot 2016/05/16 v1.4 Centers the not symbol horizontally (HO)
)
\tx@cntz=\count269

(/usr/share/texlive/texmf-dist/tex/generic/kastrup/binhex.tex)
\tx@Isdigit=\count270
\tx@IsAlNum=\count271
\tx@tA=\toks31
\tx@tB=\toks32
\tx@su=\read2

amsthm NOT loaded
LaTeX Font Info:    Redeclaring symbol font `operators' on input line 373.
LaTeX Font Info:    Overwriting symbol font `operators' in version `normal'
(Font)                  OT1/cmr/m/n --> OT1/ntxtlf/m/n on input line 373.
LaTeX Font Info:    Overwriting symbol font `operators' in version `bold'
(Font)                  OT1/cmr/bx/n --> OT1/ntxtlf/m/n on input line 373.
LaTeX Font Info:    Overwriting symbol font `operators' in version `bold'
(Font)                  OT1/ntxtlf/m/n --> OT1/ntxtlf/b/n on input line 374.
LaTeX Font Info:    Redeclaring math alphabet \mathsf on input line 380.
LaTeX Font Info:    Overwriting math alphabet `\mathsf' in version `normal'
(Font)                  OT1/cmss/m/n --> T1/qhv/m/n on input line 380.
LaTeX Font Info:    Overwriting math alphabet `\mathsf' in version `bold'
(Font)                  OT1/cmss/bx/n --> T1/qhv/m/n on input line 380.
LaTeX Font Info:    Redeclaring math alphabet \mathit on input line 381.
LaTeX Font Info:    Overwriting math alphabet `\mathit' in version `normal'
(Font)                  OT1/cmr/m/it --> OT1/ntxtlf/m/it on input line 381.
LaTeX Font Info:    Overwriting math alphabet `\mathit' in version `bold'
(Font)                  OT1/cmr/bx/it --> OT1/ntxtlf/m/it on input line 381.
LaTeX Font Info:    Redeclaring math alphabet \mathtt on input line 382.
LaTeX Font Info:    Overwriting math alphabet `\mathtt' in version `normal'
(Font)                  OT1/cmtt/m/n --> T1/ntxtt/m/n on input line 382.
LaTeX Font Info:    Overwriting math alphabet `\mathtt' in version `bold'
(Font)                  OT1/cmtt/m/n --> T1/ntxtt/m/n on input line 382.
LaTeX Font Info:    Redeclaring math alphabet \mathbf on input line 384.
LaTeX Font Info:    Overwriting math alphabet `\mathbf' in version `normal'
(Font)                  OT1/cmr/bx/n --> OT1/ntxtlf/b/n on input line 384.
LaTeX Font Info:    Overwriting math alphabet `\mathbf' in version `bold'
(Font)                  OT1/cmr/bx/n --> OT1/ntxtlf/b/n on input line 384.
LaTeX Font Info:    Overwriting math alphabet `\mathit' in version `bold'
(Font)                  OT1/ntxtlf/m/it --> OT1/ntxtlf/b/it on input line 385.
LaTeX Font Info:    Overwriting math alphabet `\mathsf' in version `bold'
(Font)                  T1/qhv/m/n --> T1/qhv/b/n on input line 386.
LaTeX Font Info:    Overwriting math alphabet `\mathtt' in version `bold'
(Font)                  T1/ntxtt/m/n --> T1/ntxtt/b/n on input line 387.
LaTeX Font Info:    Redeclaring symbol font `letters' on input line 488.
LaTeX Font Info:    Overwriting symbol font `letters' in version `normal'
(Font)                  OML/cmm/m/it --> OML/ntxmi/m/it on input line 488.
LaTeX Font Info:    Overwriting symbol font `letters' in version `bold'
(Font)                  OML/cmm/b/it --> OML/ntxmi/m/it on input line 488.
LaTeX Font Info:    Overwriting symbol font `letters' in version `bold'
(Font)                  OML/ntxmi/m/it --> OML/ntxmi/b/it on input line 489.
\symlettersA=\mathgroup6
LaTeX Font Info:    Overwriting symbol font `lettersA' in version `bold'
(Font)                  U/ntxmia/m/it --> U/ntxmia/b/it on input line 544.
LaTeX Font Info:    Redeclaring math alphabet \mathfrak on input line 546.
Now handling font encoding LMS ...
... no UTF-8 mapping file for font encoding LMS
LaTeX Font Info:    Redeclaring symbol font `symbols' on input line 565.
LaTeX Font Info:    Encoding `OMS' has changed to `LMS' for symbol font
(Font)              `symbols' in the math version `normal' on input line 565.
LaTeX Font Info:    Overwriting symbol font `symbols' in version `normal'
(Font)                  OMS/cmsy/m/n --> LMS/ntxsy/m/n on input line 565.
LaTeX Font Info:    Encoding `OMS' has changed to `LMS' for symbol font
(Font)              `symbols' in the math version `bold' on input line 565.
LaTeX Font Info:    Overwriting symbol font `symbols' in version `bold'
(Font)                  OMS/cmsy/b/n --> LMS/ntxsy/m/n on input line 565.
LaTeX Font Info:    Overwriting symbol font `symbols' in version `bold'
(Font)                  LMS/ntxsy/m/n --> LMS/ntxsy/b/n on input line 566.
\symAMSm=\mathgroup7
LaTeX Font Info:    Overwriting symbol font `AMSm' in version `bold'
(Font)                  U/ntxsym/m/n --> U/ntxsym/b/n on input line 591.
\symsymbolsC=\mathgroup8
LaTeX Font Info:    Overwriting symbol font `symbolsC' in version `bold'
(Font)                  U/ntxsyc/m/n --> U/ntxsyc/b/n on input line 612.
Now handling font encoding LMX ...
... no UTF-8 mapping file for font encoding LMX
LaTeX Font Info:    Redeclaring symbol font `largesymbols' on input line 625.
LaTeX Font Info:    Encoding `OMX' has changed to `LMX' for symbol font
(Font)              `largesymbols' in the math version `normal' on input line 6
25.
LaTeX Font Info:    Overwriting symbol font `largesymbols' in version `normal'
(Font)                  OMX/cmex/m/n --> LMX/ntxexx/m/n on input line 625.
LaTeX Font Info:    Encoding `OMX' has changed to `LMX' for symbol font
(Font)              `largesymbols' in the math version `bold' on input line 625
.
LaTeX Font Info:    Overwriting symbol font `largesymbols' in version `bold'
(Font)                  OMX/cmex/m/n --> LMX/ntxexx/m/n on input line 625.
LaTeX Font Info:    Overwriting symbol font `largesymbols' in version `bold'
(Font)                  LMX/ntxexx/m/n --> LMX/ntxexx/b/n on input line 626.
\symlargesymbolsTXA=\mathgroup9
LaTeX Font Info:    Overwriting symbol font `largesymbolsTXA' in version `bold'

(Font)                  U/ntxexa/m/n --> U/ntxexa/b/n on input line 640.
\tx@sbptoks=\toks33
LaTeX Font Info:    Redeclaring math delimiter \lfloor on input line 863.
LaTeX Font Info:    Redeclaring math delimiter \rfloor on input line 864.
LaTeX Font Info:    Redeclaring math delimiter \lceil on input line 865.
LaTeX Font Info:    Redeclaring math delimiter \rceil on input line 866.
LaTeX Font Info:    Redeclaring math delimiter \lbrace on input line 867.
LaTeX Font Info:    Redeclaring math delimiter \rbrace on input line 868.
LaTeX Font Info:    Redeclaring math delimiter \langle on input line 869.
LaTeX Font Info:    Redeclaring math delimiter \rangle on input line 871.
LaTeX Font Info:    Redeclaring math delimiter \arrowvert on input line 875.
LaTeX Font Info:    Redeclaring math delimiter \vert on input line 876.
LaTeX Font Info:    Redeclaring math accent \dot on input line 947.
LaTeX Font Info:    Redeclaring math accent \ddot on input line 948.
LaTeX Font Info:    Redeclaring math accent \vec on input line 2017.
LaTeX Info: Redefining \Bbbk on input line 2807.
LaTeX Info: Redefining \not on input line 2956.
LaTeX Info: Redefining \textsquare on input line 2986.
LaTeX Info: Redefining \openbox on input line 2988.
)
\fullwidth=\skip53
\c@section=\count272
\c@subsection=\count273
\c@subsubsection=\count274
\c@paragraph=\count275
\c@subparagraph=\count276
\c@figure=\count277
\c@table=\count278
\dropfromtop=\skip54
\extraspace=\skip55
\t@abstract=\box52
\abovecaptionskip=\skip56
\belowcaptionskip=\skip57
\rotdimen=\dimen149
\tempdime=\dimen150
\temptbox=\box53
) (/usr/share/texlive/texmf-dist/tex/latex/natbib/natbib.sty
Package: natbib 2010/09/13 8.31b (PWD, AO)
\bibhang=\skip58
\bibsep=\skip59
LaTeX Info: Redefining \cite on input line 694.
\c@NAT@ctr=\count279
)
(/usr/share/texlive/texmf-dist/tex/latex/caption/caption.sty
Package: caption 2020/10/26 v3.5g Customizing captions (AR)

(/usr/share/texlive/texmf-dist/tex/latex/caption/caption3.sty
Package: caption3 2020/10/21 v2.2e caption3 kernel (AR)
\captionmargin=\dimen151
\captionmargin@=\dimen152
\captionwidth=\dimen153
\caption@tempdima=\dimen154
\caption@indent=\dimen155
\caption@parindent=\dimen156
\caption@hangindent=\dimen157
Package caption Info: Unknown document class (or package),
(caption)             standard defaults will be used.
Package caption Info: \@makecaption = \long macro:#1#2->\vspace {\abovecaptions
kip }\begingroup \small \leftskip =0pt plus 1fil \rightskip =-\leftskip \parfil
lskip =0pt plus 2fil {#1.}\enskip {#2}\par \endgroup  on input line 1139.
)

Package caption Warning: Unknown document class (or package),
(caption)                standard defaults will be used.
See the caption package documentation for explanation.

\c@caption@flags=\count280
\c@continuedfloat=\count281
) (/usr/share/texlive/texmf-dist/tex/latex/booktabs/booktabs.sty
Package: booktabs 2020/01/12 v1.61803398 Publication quality tables
\heavyrulewidth=\dimen158
\lightrulewidth=\dimen159
\cmidrulewidth=\dimen160
\belowrulesep=\dimen161
\belowbottomsep=\dimen162
\aboverulesep=\dimen163
\abovetopsep=\dimen164
\cmidrulesep=\dimen165
\cmidrulekern=\dimen166
\defaultaddspace=\dimen167
\@cmidla=\count282
\@cmidlb=\count283
\@aboverulesep=\dimen168
\@belowrulesep=\dimen169
\@thisruleclass=\count284
\@lastruleclass=\count285
\@thisrulewidth=\dimen170
)
(/usr/share/texlive/texmf-dist/tex/latex/placeins/placeins.sty
Package: placeins 2005/04/18  v 2.2
)
(/usr/share/texlive/texmf-dist/tex/latex/xcolor/xcolor.sty
Package: xcolor 2021/10/31 v2.13 LaTeX color extensions (UK)

(/usr/share/texlive/texmf-dist/tex/latex/graphics-cfg/color.cfg
File: color.cfg 2016/01/02 v1.6 sample color configuration
)
Package xcolor Info: Driver file: pdftex.def on input line 227.
LaTeX Info: Redefining \color on input line 711.
Package xcolor Info: Model `cmy' substituted by `cmy0' on input line 1352.
Package xcolor Info: Model `hsb' substituted by `rgb' on input line 1356.
Package xcolor Info: Model `RGB' extended on input line 1368.
Package xcolor Info: Model `HTML' substituted by `rgb' on input line 1370.
Package xcolor Info: Model `Hsb' substituted by `hsb' on input line 1371.
Package xcolor Info: Model `tHsb' substituted by `hsb' on input line 1372.
Package xcolor Info: Model `HSB' substituted by `hsb' on input line 1373.
Package xcolor Info: Model `Gray' substituted by `gray' on input line 1374.
Package xcolor Info: Model `wave' substituted by `hsb' on input line 1375.
)
(/usr/share/texlive/texmf-dist/tex/latex/graphics/rotating.sty
Package: rotating 2016/08/11 v2.16d rotated objects in LaTeX
\c@r@tfl@t=\count286
\rotFPtop=\skip60
\rotFPbot=\skip61
\rot@float@box=\box54
\rot@mess@toks=\toks34
)
(/usr/share/texlive/texmf-dist/tex/latex/tools/xr.sty
Package: xr 2020-05-10 v5.06 eXternal References (DPC)
)
LaTeX Font Info:    Trying to load font information for T1+ntxtlf on input line
 36.

(/usr/share/texlive/texmf-dist/tex/latex/newtx/t1ntxtlf.fd
File: t1ntxtlf.fd 2021/05/24 v1.1 font definition file for T1/ntx/tlf
)
LaTeX Font Info:    Font shape `T1/ntxtlf/m/n' will be
(Font)              scaled to size 11.0pt on input line 36.

(/usr/share/texlive/texmf-dist/tex/latex/l3backend/l3backend-pdftex.def
File: l3backend-pdftex.def 2022-01-12 L3 backend support: PDF output (pdfTeX)
\l__color_backend_stack_int=\count287
\l__pdf_internal_box=\box55
)

LaTeX Warning: Unused global option(s):
    [A4].

(./bppGDI.aux

LaTeX Warning: Label `eq:gdi' multiply defined.

)
\openout1 = `bppGDI.aux'.

LaTeX Font Info:    Checking defaults for OML/ntxmi/m/it on input line 36.
LaTeX Font Info:    Trying to load font information for OML+ntxmi on input line
 36.
 (/usr/share/texlive/texmf-dist/tex/latex/newtx/omlntxmi.fd
File: omlntxmi.fd 2015/08/25 Fontinst v1.933 font definitions for OML/ntxmi.
)
LaTeX Font Info:    ... okay on input line 36.
LaTeX Font Info:    Checking defaults for OMS/cmsy/m/n on input line 36.
LaTeX Font Info:    ... okay on input line 36.
LaTeX Font Info:    Checking defaults for OT1/cmr/m/n on input line 36.
LaTeX Font Info:    ... okay on input line 36.
LaTeX Font Info:    Checking defaults for T1/cmr/m/n on input line 36.
LaTeX Font Info:    ... okay on input line 36.
LaTeX Font Info:    Checking defaults for TS1/cmr/m/n on input line 36.
LaTeX Font Info:    ... okay on input line 36.
LaTeX Font Info:    Checking defaults for OMX/cmex/m/n on input line 36.
LaTeX Font Info:    ... okay on input line 36.
LaTeX Font Info:    Checking defaults for U/ntxexa/m/n on input line 36.
LaTeX Font Info:    Trying to load font information for U+ntxexa on input line 
36.

(/usr/share/texlive/texmf-dist/tex/latex/newtx/untxexa.fd
File: untxexa.fd 2012/04/16 Fontinst v1.933 font definitions for U/ntxexa.
)
LaTeX Font Info:    ... okay on input line 36.
LaTeX Font Info:    Checking defaults for LMS/ntxsy/m/n on input line 36.
LaTeX Font Info:    Trying to load font information for LMS+ntxsy on input line
 36.

(/usr/share/texlive/texmf-dist/tex/latex/newtx/lmsntxsy.fd
File: lmsntxsy.fd 2016/07/02 Fontinst v1.933 font definitions for LMS/ntxsy.
)
LaTeX Font Info:    ... okay on input line 36.
LaTeX Font Info:    Checking defaults for LMX/ntxexx/m/n on input line 36.
LaTeX Font Info:    Trying to load font information for LMX+ntxexx on input lin
e 36.

(/usr/share/texlive/texmf-dist/tex/latex/newtx/lmxntxexx.fd
File: lmxntxexx.fd 2016/07/03 Fontinst v1.933 font definitions for LMX/ntxexx.
)
LaTeX Font Info:    ... okay on input line 36.

(/usr/share/texlive/texmf-dist/tex/context/base/mkii/supp-pdf.mkii
[Loading MPS to PDF converter (version 2006.09.02).]
\scratchcounter=\count288
\scratchdimen=\dimen171
\scratchbox=\box56
\nofMPsegments=\count289
\nofMParguments=\count290
\everyMPshowfont=\toks35
\MPscratchCnt=\count291
\MPscratchDim=\dimen172
\MPnumerator=\count292
\makeMPintoPDFobject=\count293
\everyMPtoPDFconversion=\toks36
) (/usr/share/texlive/texmf-dist/tex/latex/epstopdf-pkg/epstopdf-base.sty
Package: epstopdf-base 2020-01-24 v2.11 Base part for package epstopdf
Package epstopdf-base Info: Redefining graphics rule for `.eps' on input line 4
85.

(/usr/share/texlive/texmf-dist/tex/latex/latexconfig/epstopdf-sys.cfg
File: epstopdf-sys.cfg 2010/07/13 v1.3 Configuration of (r)epstopdf for TeX Liv
e
))
\c@mv@tabular=\count294
\c@mv@boldtabular=\count295
Package caption Info: Begin \AtBeginDocument code.
Package caption Info: rotating package is loaded.
Package caption Info: End \AtBeginDocument code.
LaTeX Font Info:    Font shape `T1/ntxtlf/m/sc' will be
(Font)              scaled to size 11.0pt on input line 60.
LaTeX Font Info:    Font shape `T1/ntxtlf/m/it' will be
(Font)              scaled to size 11.0pt on input line 64.
LaTeX Font Info:    Trying to load font information for OT1+ntxtlf on input lin
e 73.

(/usr/share/texlive/texmf-dist/tex/latex/newtx/ot1ntxtlf.fd
File: ot1ntxtlf.fd 2021/05/24 v1.0 font definition file for OT1/ntx/tlf
)
LaTeX Font Info:    Font shape `OT1/ntxtlf/m/n' will be
(Font)              scaled to size 10.95pt on input line 73.
LaTeX Font Info:    Font shape `OT1/ntxtlf/m/n' will be
(Font)              scaled to size 8.0pt on input line 73.
LaTeX Font Info:    Font shape `OT1/ntxtlf/m/n' will be
(Font)              scaled to size 6.1pt on input line 73.
LaTeX Font Info:    Trying to load font information for U+msa on input line 73.


(/usr/share/texlive/texmf-dist/tex/latex/amsfonts/umsa.fd
File: umsa.fd 2013/01/14 v3.01 AMS symbols A
)
LaTeX Font Info:    Trying to load font information for U+msb on input line 73.


(/usr/share/texlive/texmf-dist/tex/latex/amsfonts/umsb.fd
File: umsb.fd 2013/01/14 v3.01 AMS symbols B
)
LaTeX Font Info:    Trying to load font information for U+ntxmia on input line 
73.

(/usr/share/texlive/texmf-dist/tex/latex/newtx/untxmia.fd
File: untxmia.fd 2018/04/14 Fontinst v1.933 font definitions for U/ntxmia.
)
LaTeX Font Info:    Trying to load font information for U+ntxsym on input line 
73.

(/usr/share/texlive/texmf-dist/tex/latex/newtx/untxsym.fd
File: untxsym.fd 2015/03/20 Fontinst v1.933 font definitions for U/ntxsym.
)
LaTeX Font Info:    Trying to load font information for U+ntxsyc on input line 
73.

(/usr/share/texlive/texmf-dist/tex/latex/newtx/untxsyc.fd
File: untxsyc.fd 2012/04/12 Fontinst v1.933 font definitions for U/ntxsyc.
)
LaTeX Font Info:    Font shape `T1/ntxtlf/m/n' will be
(Font)              scaled to size 8.0pt on input line 77.
LaTeX Font Info:    Font shape `T1/ntxtlf/b/n' will be
(Font)              scaled to size 18.0pt on input line 77.
LaTeX Font Info:    Trying to load font information for TS1+ntxtlf on input lin
e 77.

(/usr/share/texlive/texmf-dist/tex/latex/newtx/ts1ntxtlf.fd
File: ts1ntxtlf.fd 2015/01/18 v1.0 fd file for TS1/ntxtlf
)
LaTeX Font Info:    Font shape `TS1/ntxtlf/m/n' will be
(Font)              scaled to size 8.0pt on input line 77.
LaTeX Font Info:    Font shape `OT1/ntxtlf/m/n' will be
(Font)              scaled to size 6.0pt on input line 77.
LaTeX Font Info:    Font shape `OT1/ntxtlf/m/n' will be
(Font)              scaled to size 5.0pt on input line 77.
LaTeX Font Info:    Font shape `T1/ntxtlf/m/n' will be
(Font)              scaled to size 6.0pt on input line 77.
LaTeX Font Info:    Font shape `TS1/ntxtlf/m/n' will be
(Font)              scaled to size 6.0pt on input line 77.
LaTeX Font Info:    Font shape `T1/ntxtlf/b/n' will be
(Font)              scaled to size 11.0pt on input line 84.
LaTeX Font Info:    Font shape `T1/ntxtlf/m/n' will be
(Font)              scaled to size 9.0pt on input line 84.
LaTeX Font Info:    Font shape `OT1/ntxtlf/m/n' will be
(Font)              scaled to size 9.0pt on input line 84.
LaTeX Font Info:    Font shape `OT1/ntxtlf/m/n' will be
(Font)              scaled to size 6.5pt on input line 84.
LaTeX Font Info:    Font shape `T1/ntxtlf/m/n' will be
(Font)              scaled to size 12.0pt on input line 87.
LaTeX Font Info:    Font shape `T1/ntxtlf/m/sc' will be
(Font)              scaled to size 12.0pt on input line 87.

Underfull \hbox (badness 3780) in paragraph at lines 89--97
\T1/ntxtlf/m/n/11 Accurate delimitation of species boundaries is
 []


Underfull \hbox (badness 1043) in paragraph at lines 89--97
\T1/ntxtlf/m/n/11 important to characterizing patterns of biological
 []


Underfull \hbox (badness 1708) in paragraph at lines 98--114
[]\T1/ntxtlf/m/n/11 Given a set of populations, different species
 []


Underfull \hbox (badness 1005) in paragraph at lines 98--114
\T1/ntxtlf/m/n/11 populations into the same species. Each species
 []


Underfull \hbox (badness 2707) in paragraph at lines 98--114
\T1/ntxtlf/m/n/11 delimitation, combined with the phylogeny for
 []


Underfull \hbox (badness 1215) in paragraph at lines 98--114
\T1/ntxtlf/m/n/11 the delimited species, can be formulated as an
 []


Underfull \hbox (badness 1005) in paragraph at lines 115--130
\T1/ntxtlf/m/n/11 Similarly, Bamberger \T1/ntxtlf/m/it/11 et al. \T1/ntxtlf/m/n
/11 (2022) examined 48
 []


Underfull \hbox (badness 1609) in paragraph at lines 115--130
\T1/ntxtlf/m/n/11 separated populations as distinct species. Those
 []


Underfull \hbox (badness 1248) in paragraph at lines 115--130
\T1/ntxtlf/m/n/11 sometimes correspond to populations rather than
 []


Underfull \hbox (badness 2521) in paragraph at lines 115--130
\T1/ntxtlf/m/n/11 using \T1/ntxtlf/m/sc/11 bpp \T1/ntxtlf/m/n/11 have suggested
 significant taxonomic
 []


Underfull \vbox (badness 10000) has occurred while \output is active []

LaTeX Font Info:    Font shape `T1/ntxtlf/m/n' will be
(Font)              scaled to size 5.0pt on input line 130.
 [1

{/var/lib/texmf/fonts/map/pdftex/updmap/pdftex.map}


]
Underfull \hbox (badness 4872) in paragraph at lines 162--164
[]\T1/ntxtlf/m/n/11 When there is migration between the two
 []

<figs/fig-gdi-trees.pdf, id=15, 309.07771pt x 332.7391pt>
File: figs/fig-gdi-trees.pdf Graphic file (type pdf)
<use figs/fig-gdi-trees.pdf>
Package pdftex.def Info: figs/fig-gdi-trees.pdf  used on input line 185.
(pdftex.def)             Requested size: 185.44804pt x 199.64499pt.
<figs/fig-tree-mscm.pdf, id=16, 285.25572pt x 197.80699pt>
File: figs/fig-tree-mscm.pdf Graphic file (type pdf)
<use figs/fig-tree-mscm.pdf>
Package pdftex.def Info: figs/fig-tree-mscm.pdf  used on input line 204.
(pdftex.def)             Requested size: 171.15474pt x 118.6851pt.
LaTeX Font Info:    Font shape `T1/ntxtlf/m/it' will be
(Font)              scaled to size 8.0pt on input line 233.
[2 <./figs/fig-gdi-trees.pdf>]
<figs/fig-gdi-algorithms.pdf, id=47, 856.13148pt x 574.63394pt>
File: figs/fig-gdi-algorithms.pdf Graphic file (type pdf)
<use figs/fig-gdi-algorithms.pdf>
Package pdftex.def Info: figs/fig-gdi-algorithms.pdf  used on input line 299.
(pdftex.def)             Requested size: 214.03235pt x 143.65813pt.

Underfull \hbox (badness 1742) in paragraph at lines 311--318
\T1/ntxtlf/m/n/11 We implement both the hierarchical merge and
 []


Underfull \hbox (badness 1701) in paragraph at lines 311--318
\T1/ntxtlf/m/n/11 populations, possibly with migration events. In
 []

[3 <./figs/fig-tree-mscm.pdf>]
LaTeX Font Info:    Font shape `OT1/ntxtlf/m/n' will be
(Font)              scaled to size 12.0pt on input line 330.
LaTeX Font Info:    Font shape `OT1/ntxtlf/m/n' will be
(Font)              scaled to size 7.0pt on input line 330.
<figs/fig-ABCDX.pdf, id=74, 272.13072pt x 103.59703pt>
File: figs/fig-ABCDX.pdf Graphic file (type pdf)
<use figs/fig-ABCDX.pdf>
Package pdftex.def Info: figs/fig-ABCDX.pdf  used on input line 334.
(pdftex.def)             Requested size: 190.49019pt x 72.51741pt.

Underfull \hbox (badness 1831) in paragraph at lines 346--355
\T1/ntxtlf/m/n/11 of figure 4[]. Populations $\OML/ntxmi/m/it/10.95 A; B; C; D$
 \T1/ntxtlf/m/n/11 represent a
 []


LaTeX Warning: Reference `fig:ABC' on page 4 undefined on input line 363.


LaTeX Warning: Reference `fig:ABC' on page 4 undefined on input line 369.

<figs/fig-ABC.pdf, id=75, 255.50456pt x 176.29765pt>
File: figs/fig-ABC.pdf Graphic file (type pdf)
<use figs/fig-ABC.pdf>
Package pdftex.def Info: figs/fig-ABC.pdf  used on input line 373.
(pdftex.def)             Requested size: 191.62794pt x 132.2229pt.

Underfull \hbox (badness 1092) in paragraph at lines 381--381
\T1/ntxtlf/b/n/11 c) \T1/ntxtlf/m/n/11 Incorrect species delimitation inferred 
by \T1/ntxtlf/m/sc/11 bpp
 []

LaTeX Font Info:    Trying to load font information for T1+ntxtt on input line 
388.
(/usr/share/texlive/texmf-dist/tex/latex/newtx/t1ntxtt.fd
File: t1ntxtt.fd 2012/04/20 v3.1
)
LaTeX Font Info:    Font shape `T1/ntxtt/m/n' will be
(Font)              scaled to size 9.0pt on input line 388.
 [4 <./figs/fig-gdi-algorithms.pdf> <./figs/fig-ABCDX.pdf> <./figs/fig-ABC.pdf

pdfTeX warning: /usr/bin/pdflatex (file ./figs/fig-ABC.pdf): PDF inclusion: mul
tiple pdfs with page group included in a single page
>]
LaTeX Font Info:    Font shape `T1/ntxtt/m/n' will be
(Font)              scaled to size 11.0pt on input line 405.

Underfull \hbox (badness 1540) in paragraph at lines 405--418
[]\T1/ntxtlf/m/n/11 The variable \T1/ntxtt/m/n/11 output_directory \T1/ntxtlf/m
/n/11 specifies the
 []


Overfull \hbox (0.97453pt too wide) in paragraph at lines 425--425
[]\T1/ntxtt/m/n/9 python HMDelimit.py --mcfile tutorial_sim_merge.txt[] 
 []


Overfull \hbox (24.59949pt too wide) in paragraph at lines 474--474
[]\T1/ntxtt/m/n/9 All modifications rejected.  Final delimitation reached.[] 
 []

LaTeX Font Info:    Font shape `T1/ntxtlf/m/it' will be
(Font)              scaled to size 12.0pt on input line 488.
<figs/fig-giraffe.png, id=271, 673.51625pt x 674.52pt>
File: figs/fig-giraffe.png Graphic file (type png)
<use figs/fig-giraffe.png>
Package pdftex.def Info: figs/fig-giraffe.png  used on input line 492.
(pdftex.def)             Requested size: 67.35556pt x 67.45595pt.
<figs/fig-giraffe-results.pdf, id=273, 441.01773pt x 711.31892pt>
File: figs/fig-giraffe-results.pdf Graphic file (type pdf)
<use figs/fig-giraffe-results.pdf>
Package pdftex.def Info: figs/fig-giraffe-results.pdf  used on input line 493.
(pdftex.def)             Requested size: 44.10435pt x 71.13605pt.

Underfull \hbox (badness 1895) in paragraph at lines 506--506
\T1/ntxtlf/m/n/11 patterns. Merge and split analyses converge to
 []


Underfull \hbox (badness 2269) in paragraph at lines 506--506
\T1/ntxtlf/m/n/11 three giraffe species, which correspond to the
 []


Underfull \hbox (badness 1675) in paragraph at lines 506--506
\T1/ntxtlf/m/n/11 geographically separated Southern, Eastern, and
 []


Underfull \hbox (badness 1142) in paragraph at lines 509--518
\T1/ntxtlf/m/n/11 sizeable controversy (Fi²er et al., 2018). Based
 []


Underfull \hbox (badness 1237) in paragraph at lines 509--518
\T1/ntxtlf/m/n/11 on morphological characters and molecular data,
 []


Underfull \hbox (badness 1117) in paragraph at lines 519--525
\T1/ntxtlf/m/n/11 as the program \T1/ntxtlf/m/sc/11 structure \T1/ntxtlf/m/n/11
 and the phylogenetic
 []

[5 <./figs/fig-giraffe.png> <./figs/fig-giraffe-results.pdf>]
Underfull \hbox (badness 3965) in paragraph at lines 527--534
[]\T1/ntxtlf/m/n/11 Based on the observations of mitochondrial
 []


Underfull \hbox (badness 1509) in paragraph at lines 535--541
\T1/ntxtlf/m/n/11 into one species, and the Southern populations
 []

<figs/fig-miksnakes.pdf, id=289, 369.833pt x 445.69612pt>
File: figs/fig-miksnakes.pdf Graphic file (type pdf)
<use figs/fig-miksnakes.pdf>
Package pdftex.def Info: figs/fig-miksnakes.pdf  used on input line 549.
(pdftex.def)             Requested size: 88.76172pt x 106.96925pt.
<figs/fig-miksnakes-results.pdf, id=290, 429.06757pt x 554.82875pt>
File: figs/fig-miksnakes-results.pdf Graphic file (type pdf)
<use figs/fig-miksnakes-results.pdf>
Package pdftex.def Info: figs/fig-miksnakes-results.pdf  used on input line 550
.
(pdftex.def)             Requested size: 77.22882pt x 99.86485pt.

Underfull \hbox (badness 5217) in paragraph at lines 558--558
[]\T1/ntxtlf/m/n/11 Figure 7: |Species delimitation hypotheses in
 []


Underfull \hbox (badness 1117) in paragraph at lines 561--568
\T1/ntxtlf/m/n/11 is a New World snake with one of the widest
 []


Underfull \hbox (badness 2726) in paragraph at lines 569--575
\T1/ntxtlf/m/n/11 of phylogeographic and genetic evidence, they
 []


Underfull \hbox (badness 1199) in paragraph at lines 590--595
\T1/ntxtlf/m/n/11 species hypothesis that was the suggested upper
 []

<figs/fig-longear-fish-map.pdf, id=291, 200.94684pt x 201.28299pt>
File: figs/fig-longear-fish-map.pdf Graphic file (type pdf)
<use figs/fig-longear-fish-map.pdf>
Package pdftex.def Info: figs/fig-longear-fish-map.pdf  used on input line 611.

(pdftex.def)             Requested size: 80.3773pt x 80.51176pt.
<figs/fig-longear-fish-results.pdf, id=292, 441.01773pt x 489.3874pt>
File: figs/fig-longear-fish-results.pdf Graphic file (type pdf)
<use figs/fig-longear-fish-results.pdf>
Package pdftex.def Info: figs/fig-longear-fish-results.pdf  used on input line 
612.
(pdftex.def)             Requested size: 88.20198pt x 97.87575pt.

Underfull \vbox (badness 10000) has occurred while \output is active []

 [6 <./figs/fig-miksnakes.pdf> <./figs/fig-miksnakes-results.pdf>]
Underfull \hbox (badness 1783) in paragraph at lines 636--639
[]\T1/ntxtlf/m/n/11 We reanalyzed the data, taking into account
 []


Underfull \hbox (badness 1590) in paragraph at lines 640--643
\T1/ntxtlf/m/n/11 species. This is congruent with the $\OML/ntxmi/m/it/10.95 gd
i$ \T1/ntxtlf/m/n/11 based
 []


Underfull \hbox (badness 3679) in paragraph at lines 679--688
[]\T1/ntxtlf/m/n/11 Molecular phylogenetic or population genetic
 []


Underfull \hbox (badness 2512) in paragraph at lines 679--688
\T1/ntxtlf/m/n/11 ancestor-descendant speciation. Where molecular
 []

[7 <./figs/fig-longear-fish-map.pdf> <./figs/fig-longear-fish-results.pdf>]
(./bppGDI.bbl
LaTeX Font Info:    Font shape `T1/ntxtlf/m/n' will be
(Font)              scaled to size 7.0pt on input line 1.
LaTeX Font Info:    Font shape `T1/ntxtlf/m/it' will be
(Font)              scaled to size 7.0pt on input line 7.

Underfull \vbox (badness 10000) has occurred while \output is active []

 [8])
LaTeX Font Info:    Font shape `T1/ntxtt/m/n' will be
(Font)              scaled to size 8.0pt on input line 778.

Overfull \hbox (3.59982pt too wide) in paragraph at lines 842--842
[]        \T1/ntxtt/m/n/8 ALL PROPOSALS REJECTED, FINAL DELIMITATION REACHED[] 

 []

[9]
LaTeX Font Info:    Font shape `T1/ntxtlf/m/it' will be
(Font)              scaled to size 9.0pt on input line 900.

Underfull \hbox (badness 10000) detected at line 902
[]
 []


Underfull \vbox (badness 10000) has occurred while \output is active []

 [10

]
[11] (./bppGDI.aux)

LaTeX Warning: There were undefined references.


LaTeX Warning: There were multiply-defined labels.

 ) 
Here is how much of TeX's memory you used:
 9114 strings out of 478287
 135298 string characters out of 5849289
 444019 words of memory out of 5000000
 27114 multiletter control sequences out of 15000+600000
 571598 words of font info for 178 fonts, out of 8000000 for 9000
 1145 hyphenation exceptions out of 8191
 70i,12n,117p,1103b,450s stack positions out of 5000i,500n,10000p,200000b,80000s
{/usr/share/texlive/texmf-dist/fonts/enc/dvips/newtx/ntx-ec-tlf.enc}{/usr/sha
re/texmf/fonts/enc/dvips/tex-gyre/q-ts1.enc}{/usr/share/texlive/texmf-dist/font
s/enc/dvips/newtx/ntx-ot1-tlf.enc}{/usr/share/texlive/texmf-dist/fonts/enc/dvip
s/newtx/ntx-ec-tlf-pc.enc}</usr/share/texlive/texmf-dist/fonts/type1/public/new
tx/NewTXMI.pfb></usr/share/texlive/texmf-dist/fonts/type1/public/newtx/NewTXMI5
.pfb></usr/share/texlive/texmf-dist/fonts/type1/public/newtx/NewTXMI7.pfb></usr
/share/texmf/fonts/type1/public/tex-gyre/qtmr.pfb></usr/share/texlive/texmf-dis
t/fonts/type1/public/txfonts/t1xtt.pfb></usr/share/texlive/texmf-dist/fonts/typ
e1/public/newtx/txexs.pfb></usr/share/texlive/texmf-dist/fonts/type1/public/new
tx/txmiaX.pfb></usr/share/texlive/texmf-dist/fonts/type1/public/txfonts/txsyb.p
fb></usr/share/texlive/texmf-dist/fonts/type1/public/newtx/txsys.pfb></usr/shar
e/texlive/texmf-dist/fonts/type1/public/newtx/ztmb.pfb></usr/share/texlive/texm
f-dist/fonts/type1/public/newtx/ztmr.pfb></usr/share/texlive/texmf-dist/fonts/t
ype1/public/newtx/ztmri.pfb>
Output written on bppGDI.pdf (11 pages, 1870674 bytes).
PDF statistics:
 407 PDF objects out of 1000 (max. 8388607)
 167 compressed objects within 2 object streams
 0 named destinations out of 1000 (max. 500000)
 56 words of extra memory for PDF output out of 10000 (max. 10000000)

